<?xml version="1.0" encoding="UTF-8"?>
<coverage generated="1558939471969" clover="3.2.0">
  <project timestamp="1558939471969" name="All files">
    <metrics statements="22" coveredstatements="18" conditionals="13" coveredconditionals="11" methods="10" coveredmethods="6" elements="45" coveredelements="35" complexity="0" loc="22" ncloc="22" packages="1" files="5" classes="5"/>
    <file name="bestRatio.ts" path="/home/martin/Programowanie/pSex/excercise/src/bestRatio.ts">
      <metrics statements="2" coveredstatements="2" conditionals="0" coveredconditionals="0" methods="1" coveredmethods="1"/>
      <line num="4" count="1" type="stmt"/>
      <line num="6" count="1" type="stmt"/>
    </file>
    <file name="compare.ts" path="/home/martin/Programowanie/pSex/excercise/src/compare.ts">
      <metrics statements="5" coveredstatements="4" conditionals="6" coveredconditionals="5" methods="1" coveredmethods="1"/>
      <line num="10" count="2" type="cond" truecount="2" falsecount="0"/>
      <line num="15" count="1" type="stmt"/>
      <line num="17" count="1" type="cond" truecount="1" falsecount="1"/>
      <line num="18" count="0" type="stmt"/>
      <line num="20" count="1" type="stmt"/>
    </file>
    <file name="fetchData.ts" path="/home/martin/Programowanie/pSex/excercise/src/fetchData.ts">
      <metrics statements="8" coveredstatements="5" conditionals="0" coveredconditionals="0" methods="5" coveredmethods="1"/>
      <line num="1" count="1" type="stmt"/>
      <line num="2" count="1" type="stmt"/>
      <line num="3" count="1" type="stmt"/>
      <line num="4" count="1" type="stmt"/>
      <line num="5" count="0" type="stmt"/>
      <line num="6" count="0" type="stmt"/>
      <line num="9" count="0" type="stmt"/>
      <line num="19" count="1" type="stmt"/>
    </file>
    <file name="sortData.ts" path="/home/martin/Programowanie/pSex/excercise/src/sortData.ts">
      <metrics statements="3" coveredstatements="3" conditionals="0" coveredconditionals="0" methods="2" coveredmethods="2"/>
      <line num="2" count="2" type="stmt"/>
      <line num="4" count="6" type="stmt"/>
      <line num="7" count="1" type="stmt"/>
    </file>
    <file name="typeToSort.ts" path="/home/martin/Programowanie/pSex/excercise/src/typeToSort.ts">
      <metrics statements="4" coveredstatements="4" conditionals="7" coveredconditionals="6" methods="1" coveredmethods="1"/>
      <line num="2" count="4" type="cond" truecount="2" falsecount="0"/>
      <line num="8" count="3" type="stmt"/>
      <line num="10" count="1" type="stmt"/>
      <line num="12" count="2" type="stmt"/>
    </file>
  </project>
</coverage>
