{"/home/martin/Programowanie/pSex/excercise/src/bestRatio.ts": {"path":"/home/martin/Programowanie/pSex/excercise/src/bestRatio.ts","statementMap":{"0":{"start":{"line":4,"column":2},"end":{"line":4,"column":48}},"1":{"start":{"line":6,"column":0},"end":{"line":6,"column":25}}},"fnMap":{"0":{"name":"bestRatio","decl":{"start":{"line":3,"column":9},"end":{"line":3,"column":18}},"loc":{"start":{"line":3,"column":55},"end":{"line":5,"column":1}}}},"branchMap":{},"s":{"0":1,"1":1},"f":{"0":1},"b":{}}
,"/home/martin/Programowanie/pSex/excercise/src/compare.ts": {"path":"/home/martin/Programowanie/pSex/excercise/src/compare.ts","statementMap":{"0":{"start":{"line":10,"column":2},"end":{"line":15,"column":14}},"1":{"start":{"line":15,"column":4},"end":{"line":15,"column":14}},"2":{"start":{"line":17,"column":2},"end":{"line":18,"column":13}},"3":{"start":{"line":18,"column":4},"end":{"line":18,"column":13}},"4":{"start":{"line":20,"column":0},"end":{"line":20,"column":23}}},"fnMap":{"0":{"name":"compare","decl":{"start":{"line":9,"column":9},"end":{"line":9,"column":16}},"loc":{"start":{"line":9,"column":31},"end":{"line":19,"column":1}}}},"branchMap":{"0":{"loc":{"start":{"line":10,"column":2},"end":{"line":15,"column":14}},"type":"if","locations":[{"start":{"line":10,"column":2},"end":{"line":15,"column":14}},{"start":{"line":10,"column":2},"end":{"line":15,"column":14}}]},"1":{"loc":{"start":{"line":12,"column":8},"end":{"line":12,"column":75}},"type":"cond-expr","locations":[{"start":{"line":12,"column":8},"end":{"line":12,"column":75}},{"start":{"line":13,"column":8},"end":{"line":13,"column":45}}]},"2":{"loc":{"start":{"line":17,"column":2},"end":{"line":18,"column":13}},"type":"if","locations":[{"start":{"line":17,"column":2},"end":{"line":18,"column":13}},{"start":{"line":17,"column":2},"end":{"line":18,"column":13}}]}},"s":{"0":2,"1":1,"2":1,"3":0,"4":1},"f":{"0":2},"b":{"0":[1,1],"1":[1,1],"2":[0,1]}}
,"/home/martin/Programowanie/pSex/excercise/src/fetchData.ts": {"path":"/home/martin/Programowanie/pSex/excercise/src/fetchData.ts","statementMap":{"0":{"start":{"line":1,"column":14},"end":{"line":1,"column":35}},"1":{"start":{"line":2,"column":23},"end":{"line":2,"column":60}},"2":{"start":{"line":3,"column":18},"end":{"line":16,"column":null}},"3":{"start":{"line":4,"column":2},"end":{"line":16,"column":null}},"4":{"start":{"line":5,"column":30},"end":{"line":5,"column":57}},"5":{"start":{"line":6,"column":18},"end":{"line":6,"column":52}},"6":{"start":{"line":9,"column":8},"end":{"line":16,"column":27}},"7":{"start":{"line":9,"column":32},"end":{"line":16,"column":10}},"8":{"start":{"line":19,"column":0},"end":{"line":19,"column":25}}},"fnMap":{"0":{"name":"(anonymous_0)","decl":{"start":{"line":3,"column":18},"end":{"line":3,"column":35}},"loc":{"start":{"line":4,"column":2},"end":{"line":16,"column":null}}},"1":{"name":"(anonymous_1)","decl":{"start":{"line":5,"column":10},"end":{"line":5,"column":11}},"loc":{"start":{"line":5,"column":30},"end":{"line":5,"column":57}}},"2":{"name":"(anonymous_2)","decl":{"start":{"line":6,"column":10},"end":{"line":6,"column":14}},"loc":{"start":{"line":6,"column":18},"end":{"line":6,"column":52}}},"3":{"name":"(anonymous_3)","decl":{"start":{"line":8,"column":6},"end":{"line":8,"column":10}},"loc":{"start":{"line":9,"column":8},"end":{"line":16,"column":27}}},"4":{"name":"(anonymous_4)","decl":{"start":{"line":9,"column":17},"end":{"line":9,"column":18}},"loc":{"start":{"line":9,"column":32},"end":{"line":16,"column":10}}}},"branchMap":{},"s":{"0":1,"1":1,"2":1,"3":1,"4":0,"5":0,"6":0,"7":0,"8":1},"f":{"0":1,"1":0,"2":0,"3":0,"4":0},"b":{}}
,"/home/martin/Programowanie/pSex/excercise/src/sortData.ts": {"path":"/home/martin/Programowanie/pSex/excercise/src/sortData.ts","statementMap":{"0":{"start":{"line":2,"column":2},"end":{"line":5,"column":15}},"1":{"start":{"line":4,"column":30},"end":{"line":4,"column":49}},"2":{"start":{"line":7,"column":0},"end":{"line":7,"column":30}}},"fnMap":{"0":{"name":"showSortedData","decl":{"start":{"line":1,"column":9},"end":{"line":1,"column":23}},"loc":{"start":{"line":1,"column":47},"end":{"line":6,"column":1}}},"1":{"name":"(anonymous_1)","decl":{"start":{"line":4,"column":10},"end":{"line":4,"column":11}},"loc":{"start":{"line":4,"column":30},"end":{"line":4,"column":49}}}},"branchMap":{},"s":{"0":2,"1":6,"2":1},"f":{"0":2,"1":6},"b":{}}
,"/home/martin/Programowanie/pSex/excercise/src/typeToSort.ts": {"path":"/home/martin/Programowanie/pSex/excercise/src/typeToSort.ts","statementMap":{"0":{"start":{"line":2,"column":2},"end":{"line":9,"column":null}},"1":{"start":{"line":8,"column":4},"end":{"line":8,"column":16}},"2":{"start":{"line":10,"column":2},"end":{"line":10,"column":17}},"3":{"start":{"line":12,"column":0},"end":{"line":12,"column":26}}},"fnMap":{"0":{"name":"typeToSort","decl":{"start":{"line":1,"column":9},"end":{"line":1,"column":19}},"loc":{"start":{"line":1,"column":42},"end":{"line":11,"column":1}}}},"branchMap":{"0":{"loc":{"start":{"line":1,"column":35},"end":{"line":1,"column":42}},"type":"default-arg","locations":[{"start":{"line":1,"column":35},"end":{"line":1,"column":42}}]},"1":{"loc":{"start":{"line":2,"column":2},"end":{"line":9,"column":null}},"type":"if","locations":[{"start":{"line":2,"column":2},"end":{"line":9,"column":null}},{"start":{"line":2,"column":2},"end":{"line":9,"column":null}}]},"2":{"loc":{"start":{"line":3,"column":4},"end":{"line":3,"column":20}},"type":"binary-expr","locations":[{"start":{"line":3,"column":4},"end":{"line":3,"column":20}},{"start":{"line":4,"column":4},"end":{"line":4,"column":22}},{"start":{"line":5,"column":4},"end":{"line":5,"column":27}},{"start":{"line":6,"column":4},"end":{"line":6,"column":22}}]}},"s":{"0":4,"1":3,"2":1,"3":2},"f":{"0":4},"b":{"0":[0],"1":[3,1],"2":[4,4,1,1]}}
}
