TN:
SF:/home/martin/Programowanie/pSex/excercise/src/bestRatio.ts
FN:3,bestRatio
FNF:1
FNH:1
FNDA:1,bestRatio
DA:4,1
DA:6,1
LF:2
LH:2
BRF:0
BRH:0
end_of_record
TN:
SF:/home/martin/Programowanie/pSex/excercise/src/compare.ts
FN:9,compare
FNF:1
FNH:1
FNDA:2,compare
DA:10,2
DA:15,1
DA:17,1
DA:18,0
DA:20,1
LF:5
LH:4
BRDA:10,0,0,1
BRDA:10,0,1,1
BRDA:12,1,0,1
BRDA:12,1,1,1
BRDA:17,2,0,0
BRDA:17,2,1,1
BRF:6
BRH:5
end_of_record
TN:
SF:/home/martin/Programowanie/pSex/excercise/src/fetchData.ts
FN:3,(anonymous_0)
FN:5,(anonymous_1)
FN:6,(anonymous_2)
FN:8,(anonymous_3)
FN:9,(anonymous_4)
FNF:5
FNH:1
FNDA:1,(anonymous_0)
FNDA:0,(anonymous_1)
FNDA:0,(anonymous_2)
FNDA:0,(anonymous_3)
FNDA:0,(anonymous_4)
DA:1,1
DA:2,1
DA:3,1
DA:4,1
DA:5,0
DA:6,0
DA:9,0
DA:19,1
LF:8
LH:5
BRF:0
BRH:0
end_of_record
TN:
SF:/home/martin/Programowanie/pSex/excercise/src/sortData.ts
FN:1,showSortedData
FN:4,(anonymous_1)
FNF:2
FNH:2
FNDA:2,showSortedData
FNDA:6,(anonymous_1)
DA:2,2
DA:4,6
DA:7,1
LF:3
LH:3
BRF:0
BRH:0
end_of_record
TN:
SF:/home/martin/Programowanie/pSex/excercise/src/typeToSort.ts
FN:1,typeToSort
FNF:1
FNH:1
FNDA:4,typeToSort
DA:2,4
DA:8,3
DA:10,1
DA:12,2
LF:4
LH:4
BRDA:1,0,0,0
BRDA:2,1,0,3
BRDA:2,1,1,1
BRDA:3,2,0,4
BRDA:3,2,1,4
BRDA:3,2,2,1
BRDA:3,2,3,1
BRF:7
BRH:6
end_of_record
